<?xml version="1.0" encoding="UTF-8"?>
<testng-results ignored="0" total="2" passed="2" failed="0" skipped="0">
  <reporter-output>
  </reporter-output>
  <suite started-at="2024-12-29T14:31:58 CET" name="Billboard website" finished-at="2024-12-29T14:32:42 CET" duration-ms="43276">
    <groups>
    </groups>
    <test started-at="2024-12-29T14:31:58 CET" name="Test" finished-at="2024-12-29T14:32:42 CET" duration-ms="43276">
      <class name="billexploratory">
        <test-method signature="Billexp()[pri:0, instance:billexploratory@662b4c69]" started-at="2024-12-29T14:31:58 CET" name="Billexp" finished-at="2024-12-29T14:32:18 CET" duration-ms="20056" status="PASS">
          <reporter-output>
          </reporter-output>
        </test-method> <!-- Billexp -->
        <test-method signature="Direct_From_Cart()[pri:0, instance:billexploratory@662b4c69]" started-at="2024-12-29T14:32:18 CET" name="Direct_From_Cart" finished-at="2024-12-29T14:32:42 CET" duration-ms="23189" status="PASS">
          <reporter-output>
          </reporter-output>
        </test-method> <!-- Direct_From_Cart -->
      </class> <!-- billexploratory -->
    </test> <!-- Test -->
  </suite> <!-- Billboard website -->
</testng-results>
